This is pdfTeX, Version 3.14159265-2.6-1.40.16 (TeX Live 2015/Arch Linux) (preloaded format=pdflatex 2016.1.10)  3 AUG 2016 18:45
entering extended mode
 \write18 enabled.
 %&-line parsing enabled.
**ABMUS_munozh.tex
(./ABMUS_munozh.tex
LaTeX2e <2015/10/01> patch level 2
Babel <3.9m> and hyphenation patterns for 79 languages loaded.
(/usr/share/texmf/tex/latex/llncs/llncs.cls
Document Class: llncs 2014/03/31 v2.19 
 LaTeX document class for Lecture Notes in Computer Science
(/usr/share/texmf-dist/tex/latex/base/article.cls
Document Class: article 2014/09/29 v1.4h Standard LaTeX document class
(/usr/share/texmf-dist/tex/latex/base/size10.clo
File: size10.clo 2014/09/29 v1.4h Standard LaTeX file (size option)
)
\c@part=\count79
\c@section=\count80
\c@subsection=\count81
\c@subsubsection=\count82
\c@paragraph=\count83
\c@subparagraph=\count84
\c@figure=\count85
\c@table=\count86
\abovecaptionskip=\skip41
\belowcaptionskip=\skip42
\bibindent=\dimen102
)
(/usr/share/texmf-dist/tex/latex/tools/multicol.sty
Package: multicol 2015/08/19 v1.8n multicolumn formatting (FMi)
\c@tracingmulticols=\count87
\mult@box=\box26
\multicol@leftmargin=\dimen103
\c@unbalance=\count88
\c@collectmore=\count89
\doublecol@number=\count90
\multicoltolerance=\count91
\multicolpretolerance=\count92
\full@width=\dimen104
\page@free=\dimen105
\premulticols=\dimen106
\postmulticols=\dimen107
\multicolsep=\skip43
\multicolbaselineskip=\skip44
\partial@page=\box27
\last@line=\box28
\maxbalancingoverflow=\dimen108
\mult@rightbox=\box29
\mult@grightbox=\box30
\mult@gfirstbox=\box31
\mult@firstbox=\box32
\@tempa=\box33
\@tempa=\box34
\@tempa=\box35
\@tempa=\box36
\@tempa=\box37
\@tempa=\box38
\@tempa=\box39
\@tempa=\box40
\@tempa=\box41
\@tempa=\box42
\@tempa=\box43
\@tempa=\box44
\@tempa=\box45
\@tempa=\box46
\@tempa=\box47
\@tempa=\box48
\@tempa=\box49
\c@columnbadness=\count93
\c@finalcolumnbadness=\count94
\last@try=\dimen109
\multicolovershoot=\dimen110
\multicolundershoot=\dimen111
\mult@nat@firstbox=\box50
\colbreak@box=\box51
\mc@col@check@num=\count95
)
(/usr/share/texmf/tex/latex/llncs/aliascnt.sty
Package: aliascnt 2009/09/08 v1.3 Alias counter (HO)

(/usr/share/texmf/tex/latex/llncs/remreset.sty))
\c@chapter=\count96
LaTeX Font Info:    Redeclaring math symbol \Gamma on input line 362.
LaTeX Font Info:    Redeclaring math symbol \Delta on input line 363.
LaTeX Font Info:    Redeclaring math symbol \Theta on input line 364.
LaTeX Font Info:    Redeclaring math symbol \Lambda on input line 365.
LaTeX Font Info:    Redeclaring math symbol \Xi on input line 366.
LaTeX Font Info:    Redeclaring math symbol \Pi on input line 367.
LaTeX Font Info:    Redeclaring math symbol \Sigma on input line 368.
LaTeX Font Info:    Redeclaring math symbol \Upsilon on input line 369.
LaTeX Font Info:    Redeclaring math symbol \Phi on input line 370.
LaTeX Font Info:    Redeclaring math symbol \Psi on input line 371.
LaTeX Font Info:    Redeclaring math symbol \Omega on input line 372.
\tocchpnum=\dimen112
\tocsecnum=\dimen113
\tocsectotal=\dimen114
\tocsubsecnum=\dimen115
\tocsubsectotal=\dimen116
\tocsubsubsecnum=\dimen117
\tocsubsubsectotal=\dimen118
\tocparanum=\dimen119
\tocparatotal=\dimen120
\tocsubparanum=\dimen121
\@tempcntc=\count97
\fnindent=\dimen122
\c@@inst=\count98
\c@@auth=\count99
\c@auco=\count100
\instindent=\dimen123
\authrun=\box52
\authorrunning=\toks14
\tocauthor=\toks15
\titrun=\box53
\titlerunning=\toks16
\toctitle=\toks17
\c@theorem=\count101
\c@case=\count102
\c@conjecture=\count103
\c@corollary=\count104
\c@definition=\count105
\c@example=\count106
\c@exercise=\count107
\c@lemma=\count108
\c@note=\count109
\c@problem=\count110
\c@property=\count111
\c@proposition=\count112
\c@question=\count113
\c@solution=\count114
\c@remark=\count115
\headlineindent=\dimen124
)
(/usr/share/texmf-dist/tex/latex/amsfonts/amssymb.sty
Package: amssymb 2013/01/14 v3.01 AMS font symbols

(/usr/share/texmf-dist/tex/latex/amsfonts/amsfonts.sty
Package: amsfonts 2013/01/14 v3.01 Basic AMSFonts support
\@emptytoks=\toks18
\symAMSa=\mathgroup4
\symAMSb=\mathgroup5
LaTeX Font Info:    Overwriting math alphabet `\mathfrak' in version `bold'
(Font)                  U/euf/m/n --> U/euf/b/n on input line 106.
))
(/usr/share/texmf-dist/tex/latex/graphics/graphicx.sty
Package: graphicx 2014/10/28 v1.0g Enhanced LaTeX Graphics (DPC,SPQR)

(/usr/share/texmf-dist/tex/latex/graphics/keyval.sty
Package: keyval 2014/10/28 v1.15 key=value parser (DPC)
\KV@toks@=\toks19
)
(/usr/share/texmf-dist/tex/latex/graphics/graphics.sty
Package: graphics 2014/10/28 v1.0p Standard LaTeX Graphics (DPC,SPQR)

(/usr/share/texmf-dist/tex/latex/graphics/trig.sty
Package: trig 1999/03/16 v1.09 sin cos tan (DPC)
)
(/usr/share/texmf-dist/tex/latex/latexconfig/graphics.cfg
File: graphics.cfg 2010/04/23 v1.9 graphics configuration of TeX Live
)
Package graphics Info: Driver file: pdftex.def on input line 94.

(/usr/share/texmf-dist/tex/latex/pdftex-def/pdftex.def
File: pdftex.def 2011/05/27 v0.06d Graphics/color for pdfTeX

(/usr/share/texmf-dist/tex/generic/oberdiek/infwarerr.sty
Package: infwarerr 2010/04/08 v1.3 Providing info/warning/error messages (HO)
)
(/usr/share/texmf-dist/tex/generic/oberdiek/ltxcmds.sty
Package: ltxcmds 2011/11/09 v1.22 LaTeX kernel commands for general use (HO)
)
\Gread@gobject=\count116
))
\Gin@req@height=\dimen125
\Gin@req@width=\dimen126
)
(/usr/share/texmf-dist/tex/latex/pgf/frontendlayer/tikz.sty
(/usr/share/texmf-dist/tex/latex/pgf/basiclayer/pgf.sty
(/usr/share/texmf-dist/tex/latex/pgf/utilities/pgfrcs.sty
(/usr/share/texmf-dist/tex/generic/pgf/utilities/pgfutil-common.tex
\pgfutil@everybye=\toks20
\pgfutil@tempdima=\dimen127
\pgfutil@tempdimb=\dimen128

(/usr/share/texmf-dist/tex/generic/pgf/utilities/pgfutil-common-lists.tex))
(/usr/share/texmf-dist/tex/generic/pgf/utilities/pgfutil-latex.def
\pgfutil@abb=\box54

(/usr/share/texmf-dist/tex/latex/ms/everyshi.sty
Package: everyshi 2001/05/15 v3.00 EveryShipout Package (MS)
))
(/usr/share/texmf-dist/tex/generic/pgf/utilities/pgfrcs.code.tex
Package: pgfrcs 2015/08/07 v3.0.1a (rcs-revision 1.31)
))
Package: pgf 2015/08/07 v3.0.1a (rcs-revision 1.15)

(/usr/share/texmf-dist/tex/latex/pgf/basiclayer/pgfcore.sty
(/usr/share/texmf-dist/tex/latex/pgf/systemlayer/pgfsys.sty
(/usr/share/texmf-dist/tex/generic/pgf/systemlayer/pgfsys.code.tex
Package: pgfsys 2014/07/09 v3.0.1a (rcs-revision 1.48)

(/usr/share/texmf-dist/tex/generic/pgf/utilities/pgfkeys.code.tex
\pgfkeys@pathtoks=\toks21
\pgfkeys@temptoks=\toks22

(/usr/share/texmf-dist/tex/generic/pgf/utilities/pgfkeysfiltered.code.tex
\pgfkeys@tmptoks=\toks23
))
\pgf@x=\dimen129
\pgf@y=\dimen130
\pgf@xa=\dimen131
\pgf@ya=\dimen132
\pgf@xb=\dimen133
\pgf@yb=\dimen134
\pgf@xc=\dimen135
\pgf@yc=\dimen136
\w@pgf@writea=\write3
\r@pgf@reada=\read1
\c@pgf@counta=\count117
\c@pgf@countb=\count118
\c@pgf@countc=\count119
\c@pgf@countd=\count120
\t@pgf@toka=\toks24
\t@pgf@tokb=\toks25
\t@pgf@tokc=\toks26

(/usr/share/texmf-dist/tex/generic/pgf/systemlayer/pgf.cfg
File: pgf.cfg 2008/05/14  (rcs-revision 1.7)
)
Driver file for pgf: pgfsys-pdftex.def

(/usr/share/texmf-dist/tex/generic/pgf/systemlayer/pgfsys-pdftex.def
File: pgfsys-pdftex.def 2014/10/11  (rcs-revision 1.35)

(/usr/share/texmf-dist/tex/generic/pgf/systemlayer/pgfsys-common-pdf.def
File: pgfsys-common-pdf.def 2013/10/10  (rcs-revision 1.13)
)))
(/usr/share/texmf-dist/tex/generic/pgf/systemlayer/pgfsyssoftpath.code.tex
File: pgfsyssoftpath.code.tex 2013/09/09  (rcs-revision 1.9)
\pgfsyssoftpath@smallbuffer@items=\count121
\pgfsyssoftpath@bigbuffer@items=\count122
)
(/usr/share/texmf-dist/tex/generic/pgf/systemlayer/pgfsysprotocol.code.tex
File: pgfsysprotocol.code.tex 2006/10/16  (rcs-revision 1.4)
))
(/usr/share/texmf-dist/tex/latex/xcolor/xcolor.sty
Package: xcolor 2007/01/21 v2.11 LaTeX color extensions (UK)

(/usr/share/texmf-dist/tex/latex/latexconfig/color.cfg
File: color.cfg 2007/01/18 v1.5 color configuration of teTeX/TeXLive
)
Package xcolor Info: Driver file: pdftex.def on input line 225.
Package xcolor Info: Model `cmy' substituted by `cmy0' on input line 1337.
Package xcolor Info: Model `hsb' substituted by `rgb' on input line 1341.
Package xcolor Info: Model `RGB' extended on input line 1353.
Package xcolor Info: Model `HTML' substituted by `rgb' on input line 1355.
Package xcolor Info: Model `Hsb' substituted by `hsb' on input line 1356.
Package xcolor Info: Model `tHsb' substituted by `hsb' on input line 1357.
Package xcolor Info: Model `HSB' substituted by `hsb' on input line 1358.
Package xcolor Info: Model `Gray' substituted by `gray' on input line 1359.
Package xcolor Info: Model `wave' substituted by `hsb' on input line 1360.
)
(/usr/share/texmf-dist/tex/generic/pgf/basiclayer/pgfcore.code.tex
Package: pgfcore 2010/04/11 v3.0.1a (rcs-revision 1.7)

(/usr/share/texmf-dist/tex/generic/pgf/math/pgfmath.code.tex
(/usr/share/texmf-dist/tex/generic/pgf/math/pgfmathcalc.code.tex
(/usr/share/texmf-dist/tex/generic/pgf/math/pgfmathutil.code.tex)
(/usr/share/texmf-dist/tex/generic/pgf/math/pgfmathparser.code.tex
\pgfmath@dimen=\dimen137
\pgfmath@count=\count123
\pgfmath@box=\box55
\pgfmath@toks=\toks27
\pgfmath@stack@operand=\toks28
\pgfmath@stack@operation=\toks29
)
(/usr/share/texmf-dist/tex/generic/pgf/math/pgfmathfunctions.code.tex
(/usr/share/texmf-dist/tex/generic/pgf/math/pgfmathfunctions.basic.code.tex)
(/usr/share/texmf-dist/tex/generic/pgf/math/pgfmathfunctions.trigonometric.code
.tex)
(/usr/share/texmf-dist/tex/generic/pgf/math/pgfmathfunctions.random.code.tex)
(/usr/share/texmf-dist/tex/generic/pgf/math/pgfmathfunctions.comparison.code.te
x) (/usr/share/texmf-dist/tex/generic/pgf/math/pgfmathfunctions.base.code.tex)
(/usr/share/texmf-dist/tex/generic/pgf/math/pgfmathfunctions.round.code.tex)
(/usr/share/texmf-dist/tex/generic/pgf/math/pgfmathfunctions.misc.code.tex)
(/usr/share/texmf-dist/tex/generic/pgf/math/pgfmathfunctions.integerarithmetics
.code.tex))) (/usr/share/texmf-dist/tex/generic/pgf/math/pgfmathfloat.code.tex
\c@pgfmathroundto@lastzeros=\count124
)) (/usr/share/texmf-dist/tex/generic/pgf/basiclayer/pgfcorepoints.code.tex
File: pgfcorepoints.code.tex 2013/10/07  (rcs-revision 1.27)
\pgf@picminx=\dimen138
\pgf@picmaxx=\dimen139
\pgf@picminy=\dimen140
\pgf@picmaxy=\dimen141
\pgf@pathminx=\dimen142
\pgf@pathmaxx=\dimen143
\pgf@pathminy=\dimen144
\pgf@pathmaxy=\dimen145
\pgf@xx=\dimen146
\pgf@xy=\dimen147
\pgf@yx=\dimen148
\pgf@yy=\dimen149
\pgf@zx=\dimen150
\pgf@zy=\dimen151
)
(/usr/share/texmf-dist/tex/generic/pgf/basiclayer/pgfcorepathconstruct.code.tex
File: pgfcorepathconstruct.code.tex 2013/10/07  (rcs-revision 1.29)
\pgf@path@lastx=\dimen152
\pgf@path@lasty=\dimen153
) (/usr/share/texmf-dist/tex/generic/pgf/basiclayer/pgfcorepathusage.code.tex
File: pgfcorepathusage.code.tex 2014/11/02  (rcs-revision 1.24)
\pgf@shorten@end@additional=\dimen154
\pgf@shorten@start@additional=\dimen155
)
(/usr/share/texmf-dist/tex/generic/pgf/basiclayer/pgfcorescopes.code.tex
File: pgfcorescopes.code.tex 2015/05/08  (rcs-revision 1.46)
\pgfpic=\box56
\pgf@hbox=\box57
\pgf@layerbox@main=\box58
\pgf@picture@serial@count=\count125
)
(/usr/share/texmf-dist/tex/generic/pgf/basiclayer/pgfcoregraphicstate.code.tex
File: pgfcoregraphicstate.code.tex 2014/11/02  (rcs-revision 1.12)
\pgflinewidth=\dimen156
)
(/usr/share/texmf-dist/tex/generic/pgf/basiclayer/pgfcoretransformations.code.t
ex
File: pgfcoretransformations.code.tex 2015/08/07  (rcs-revision 1.20)
\pgf@pt@x=\dimen157
\pgf@pt@y=\dimen158
\pgf@pt@temp=\dimen159
) (/usr/share/texmf-dist/tex/generic/pgf/basiclayer/pgfcorequick.code.tex
File: pgfcorequick.code.tex 2008/10/09  (rcs-revision 1.3)
)
(/usr/share/texmf-dist/tex/generic/pgf/basiclayer/pgfcoreobjects.code.tex
File: pgfcoreobjects.code.tex 2006/10/11  (rcs-revision 1.2)
)
(/usr/share/texmf-dist/tex/generic/pgf/basiclayer/pgfcorepathprocessing.code.te
x
File: pgfcorepathprocessing.code.tex 2013/09/09  (rcs-revision 1.9)
) (/usr/share/texmf-dist/tex/generic/pgf/basiclayer/pgfcorearrows.code.tex
File: pgfcorearrows.code.tex 2015/05/14  (rcs-revision 1.43)
\pgfarrowsep=\dimen160
)
(/usr/share/texmf-dist/tex/generic/pgf/basiclayer/pgfcoreshade.code.tex
File: pgfcoreshade.code.tex 2013/07/15  (rcs-revision 1.15)
\pgf@max=\dimen161
\pgf@sys@shading@range@num=\count126
)
(/usr/share/texmf-dist/tex/generic/pgf/basiclayer/pgfcoreimage.code.tex
File: pgfcoreimage.code.tex 2013/07/15  (rcs-revision 1.18)

(/usr/share/texmf-dist/tex/generic/pgf/basiclayer/pgfcoreexternal.code.tex
File: pgfcoreexternal.code.tex 2014/07/09  (rcs-revision 1.21)
\pgfexternal@startupbox=\box59
))
(/usr/share/texmf-dist/tex/generic/pgf/basiclayer/pgfcorelayers.code.tex
File: pgfcorelayers.code.tex 2013/07/18  (rcs-revision 1.7)
)
(/usr/share/texmf-dist/tex/generic/pgf/basiclayer/pgfcoretransparency.code.tex
File: pgfcoretransparency.code.tex 2013/09/30  (rcs-revision 1.5)
) (/usr/share/texmf-dist/tex/generic/pgf/basiclayer/pgfcorepatterns.code.tex
File: pgfcorepatterns.code.tex 2013/11/07  (rcs-revision 1.5)
)))
(/usr/share/texmf-dist/tex/generic/pgf/modules/pgfmoduleshapes.code.tex
File: pgfmoduleshapes.code.tex 2014/03/21  (rcs-revision 1.35)
\pgfnodeparttextbox=\box60
)
(/usr/share/texmf-dist/tex/generic/pgf/modules/pgfmoduleplot.code.tex
File: pgfmoduleplot.code.tex 2015/08/03  (rcs-revision 1.13)
)
(/usr/share/texmf-dist/tex/latex/pgf/compatibility/pgfcomp-version-0-65.sty
Package: pgfcomp-version-0-65 2007/07/03 v3.0.1a (rcs-revision 1.7)
\pgf@nodesepstart=\dimen162
\pgf@nodesepend=\dimen163
)
(/usr/share/texmf-dist/tex/latex/pgf/compatibility/pgfcomp-version-1-18.sty
Package: pgfcomp-version-1-18 2007/07/23 v3.0.1a (rcs-revision 1.1)
))
(/usr/share/texmf-dist/tex/latex/pgf/utilities/pgffor.sty
(/usr/share/texmf-dist/tex/latex/pgf/utilities/pgfkeys.sty
(/usr/share/texmf-dist/tex/generic/pgf/utilities/pgfkeys.code.tex))
(/usr/share/texmf-dist/tex/latex/pgf/math/pgfmath.sty
(/usr/share/texmf-dist/tex/generic/pgf/math/pgfmath.code.tex))
(/usr/share/texmf-dist/tex/generic/pgf/utilities/pgffor.code.tex
Package: pgffor 2013/12/13 v3.0.1a (rcs-revision 1.25)

(/usr/share/texmf-dist/tex/generic/pgf/math/pgfmath.code.tex)
\pgffor@iter=\dimen164
\pgffor@skip=\dimen165
\pgffor@stack=\toks30
\pgffor@toks=\toks31
))
(/usr/share/texmf-dist/tex/generic/pgf/frontendlayer/tikz/tikz.code.tex
Package: tikz 2015/08/07 v3.0.1a (rcs-revision 1.151)

(/usr/share/texmf-dist/tex/generic/pgf/libraries/pgflibraryplothandlers.code.te
x
File: pgflibraryplothandlers.code.tex 2013/08/31 v3.0.1a (rcs-revision 1.20)
\pgf@plot@mark@count=\count127
\pgfplotmarksize=\dimen166
)
\tikz@lastx=\dimen167
\tikz@lasty=\dimen168
\tikz@lastxsaved=\dimen169
\tikz@lastysaved=\dimen170
\tikzleveldistance=\dimen171
\tikzsiblingdistance=\dimen172
\tikz@figbox=\box61
\tikz@figbox@bg=\box62
\tikz@tempbox=\box63
\tikz@tempbox@bg=\box64
\tikztreelevel=\count128
\tikznumberofchildren=\count129
\tikznumberofcurrentchild=\count130
\tikz@fig@count=\count131
 (/usr/share/texmf-dist/tex/generic/pgf/modules/pgfmodulematrix.code.tex
File: pgfmodulematrix.code.tex 2013/09/17  (rcs-revision 1.8)
\pgfmatrixcurrentrow=\count132
\pgfmatrixcurrentcolumn=\count133
\pgf@matrix@numberofcolumns=\count134
)
\tikz@expandcount=\count135

(/usr/share/texmf-dist/tex/generic/pgf/frontendlayer/tikz/libraries/tikzlibrary
topaths.code.tex
File: tikzlibrarytopaths.code.tex 2008/06/17 v3.0.1a (rcs-revision 1.2)
))) (/usr/share/texmf-dist/tex/latex/tools/longtable.sty
Package: longtable 2014/10/28 v4.11 Multi-page Table package (DPC)
\LTleft=\skip45
\LTright=\skip46
\LTpre=\skip47
\LTpost=\skip48
\LTchunksize=\count136
\LTcapwidth=\dimen173
\LT@head=\box65
\LT@firsthead=\box66
\LT@foot=\box67
\LT@lastfoot=\box68
\LT@cols=\count137
\LT@rows=\count138
\c@LT@tables=\count139
\c@LT@chunks=\count140
\LT@p@ftn=\toks32
)
(/usr/share/texmf-dist/tex/latex/booktabs/booktabs.sty
Package: booktabs 2005/04/14 v1.61803 publication quality tables
\heavyrulewidth=\dimen174
\lightrulewidth=\dimen175
\cmidrulewidth=\dimen176
\belowrulesep=\dimen177
\belowbottomsep=\dimen178
\aboverulesep=\dimen179
\abovetopsep=\dimen180
\cmidrulesep=\dimen181
\cmidrulekern=\dimen182
\defaultaddspace=\dimen183
\@cmidla=\count141
\@cmidlb=\count142
\@aboverulesep=\dimen184
\@belowrulesep=\dimen185
\@thisruleclass=\count143
\@lastruleclass=\count144
\@thisrulewidth=\dimen186
)
(/usr/share/texmf-dist/tex/latex/rotating/rotating.sty
Package: rotating 2009/03/28 v2.16a rotated objects in LaTeX

(/usr/share/texmf-dist/tex/latex/base/ifthen.sty
Package: ifthen 2014/09/29 v1.1c Standard LaTeX ifthen package (DPC)
)
\c@r@tfl@t=\count145
\rotFPtop=\skip49
\rotFPbot=\skip50
\rot@float@box=\box69
\rot@mess@toks=\toks33
)
(/usr/share/texmf-dist/tex/latex/listings/listings.sty
\lst@mode=\count146
\lst@gtempboxa=\box70
\lst@token=\toks34
\lst@length=\count147
\lst@currlwidth=\dimen187
\lst@column=\count148
\lst@pos=\count149
\lst@lostspace=\dimen188
\lst@width=\dimen189
\lst@newlines=\count150
\lst@lineno=\count151
\lst@maxwidth=\dimen190

(/usr/share/texmf-dist/tex/latex/listings/lstmisc.sty
File: lstmisc.sty 2015/06/04 1.6 (Carsten Heinz)
\c@lstnumber=\count152
\lst@skipnumbers=\count153
\lst@framebox=\box71
)
(/usr/share/texmf-dist/tex/latex/listings/listings.cfg
File: listings.cfg 2015/06/04 1.6 listings configuration
))
Package: listings 2015/06/04 1.6 (Carsten Heinz)

(/usr/share/texmf-dist/tex/latex/url/url.sty
\Urlmuskip=\muskip10
Package: url 2013/09/16  ver 3.4  Verb mode for urls, etc.
) (tmp/ABMUS_munozh.aux)
\openout1 = `ABMUS_munozh.aux'.

LaTeX Font Info:    Checking defaults for OML/cmm/m/it on input line 18.
LaTeX Font Info:    ... okay on input line 18.
LaTeX Font Info:    Checking defaults for T1/cmr/m/n on input line 18.
LaTeX Font Info:    ... okay on input line 18.
LaTeX Font Info:    Checking defaults for OT1/cmr/m/n on input line 18.
LaTeX Font Info:    ... okay on input line 18.
LaTeX Font Info:    Checking defaults for OMS/cmsy/m/n on input line 18.
LaTeX Font Info:    ... okay on input line 18.
LaTeX Font Info:    Checking defaults for OMX/cmex/m/n on input line 18.
LaTeX Font Info:    ... okay on input line 18.
LaTeX Font Info:    Checking defaults for U/cmr/m/n on input line 18.
LaTeX Font Info:    ... okay on input line 18.

(/usr/share/texmf-dist/tex/context/base/supp-pdf.mkii
[Loading MPS to PDF converter (version 2006.09.02).]
\scratchcounter=\count154
\scratchdimen=\dimen191
\scratchbox=\box72
\nofMPsegments=\count155
\nofMParguments=\count156
\everyMPshowfont=\toks35
\MPscratchCnt=\count157
\MPscratchDim=\dimen192
\MPnumerator=\count158
\makeMPintoPDFobject=\count159
\everyMPtoPDFconversion=\toks36
) (/usr/share/texmf-dist/tex/generic/oberdiek/pdftexcmds.sty
Package: pdftexcmds 2011/11/29 v0.20 Utility functions of pdfTeX for LuaTeX (HO
)

(/usr/share/texmf-dist/tex/generic/oberdiek/ifluatex.sty
Package: ifluatex 2010/03/01 v1.3 Provides the ifluatex switch (HO)
Package ifluatex Info: LuaTeX not detected.
)
(/usr/share/texmf-dist/tex/generic/oberdiek/ifpdf.sty
Package: ifpdf 2011/01/30 v2.3 Provides the ifpdf switch (HO)
Package ifpdf Info: pdfTeX in PDF mode is detected.
)
Package pdftexcmds Info: LuaTeX not detected.
Package pdftexcmds Info: \pdf@primitive is available.
Package pdftexcmds Info: \pdf@ifprimitive is available.
Package pdftexcmds Info: \pdfdraftmode found.
)
(/usr/share/texmf-dist/tex/latex/oberdiek/epstopdf-base.sty
Package: epstopdf-base 2010/02/09 v2.5 Base part for package epstopdf

(/usr/share/texmf-dist/tex/latex/oberdiek/grfext.sty
Package: grfext 2010/08/19 v1.1 Manage graphics extensions (HO)

(/usr/share/texmf-dist/tex/generic/oberdiek/kvdefinekeys.sty
Package: kvdefinekeys 2011/04/07 v1.3 Define keys (HO)
))
(/usr/share/texmf-dist/tex/latex/oberdiek/kvoptions.sty
Package: kvoptions 2011/06/30 v3.11 Key value format for package options (HO)

(/usr/share/texmf-dist/tex/generic/oberdiek/kvsetkeys.sty
Package: kvsetkeys 2012/04/25 v1.16 Key value parser (HO)

(/usr/share/texmf-dist/tex/generic/oberdiek/etexcmds.sty
Package: etexcmds 2011/02/16 v1.5 Avoid name clashes with e-TeX commands (HO)
Package etexcmds Info: Could not find \expanded.
(etexcmds)             That can mean that you are not using pdfTeX 1.50 or
(etexcmds)             that some package has redefined \expanded.
(etexcmds)             In the latter case, load this package earlier.
)))
Package grfext Info: Graphics extension search list:
(grfext)             [.png,.pdf,.jpg,.mps,.jpeg,.jbig2,.jb2,.PNG,.PDF,.JPG,.JPE
G,.JBIG2,.JB2,.eps]
(grfext)             \AppendGraphicsExtensions on input line 452.

(/usr/share/texmf-dist/tex/latex/latexconfig/epstopdf-sys.cfg
File: epstopdf-sys.cfg 2010/07/13 v1.3 Configuration of (r)epstopdf for TeX Liv
e
))
ABD: EveryShipout initializing macros
\c@lstlisting=\count160

(/usr/share/texmf-dist/tex/latex/listings/lstlang1.sty
File: lstlang1.sty 2015/06/04 1.6 listings language file
)
(/usr/share/texmf-dist/tex/latex/listings/lstlang2.sty
File: lstlang2.sty 2015/06/04 1.6 listings language file
)
(/usr/share/texmf-dist/tex/latex/listings/lstlang3.sty
File: lstlang3.sty 2015/06/04 1.6 listings language file
)
LaTeX Font Info:    Try loading font information for U+msa on input line 42.

(/usr/share/texmf-dist/tex/latex/amsfonts/umsa.fd
File: umsa.fd 2013/01/14 v3.01 AMS symbols A
)
LaTeX Font Info:    Try loading font information for U+msb on input line 42.

(/usr/share/texmf-dist/tex/latex/amsfonts/umsb.fd
File: umsb.fd 2013/01/14 v3.01 AMS symbols B
)
Underfull \hbox (badness 10000) in paragraph at lines 46--56

 []


Underfull \hbox (badness 10000) in paragraph at lines 57--67

 []


Underfull \hbox (badness 10000) in paragraph at lines 68--74

 []


Underfull \hbox (badness 10000) in paragraph at lines 80--94

 []

[1


{/var/lib/texmf/fonts/map/pdftex/updmap/pdftex.map}]
Underfull \hbox (badness 10000) in paragraph at lines 95--113

 []


Underfull \hbox (badness 10000) in paragraph at lines 114--121

 []


Underfull \hbox (badness 10000) in paragraph at lines 122--135

 []


Underfull \hbox (badness 10000) in paragraph at lines 138--152

 []

[2]
Underfull \hbox (badness 10000) in paragraph at lines 153--168

 []


Underfull \hbox (badness 10000) in paragraph at lines 169--178

 []


Underfull \hbox (badness 10000) in paragraph at lines 179--189

 []

(./TABLES/IWU.tex
LaTeX Font Info:    Try loading font information for OML+cmr on input line 8.
 (/usr/share/texmf-dist/tex/latex/base/omlcmr.fd
File: omlcmr.fd 2014/09/29 v2.5h Standard LaTeX font definitions
)
LaTeX Font Info:    Font shape `OML/cmr/m/n' in size <9> not available
(Font)              Font shape `OML/cmm/m/it' tried instead on input line 8.
Missing character: There is no Ã in font cmr9!
Missing character: There is no Ÿ in font cmr9!
)
Underfull \hbox (badness 10000) in paragraph at lines 192--198

 []


Underfull \hbox (badness 10000) in paragraph at lines 199--210

 []


Underfull \vbox (badness 10000) has occurred while \output is active []

 [3]
Underfull \hbox (badness 10000) in paragraph at lines 211--219

 []


Underfull \hbox (badness 10000) in paragraph at lines 222--224

 []


Underfull \hbox (badness 10000) in paragraph at lines 225--234

 []

[4]
Underfull \hbox (badness 10000) in paragraph at lines 237--239

 []


Underfull \hbox (badness 10000) in paragraph at lines 240--247

 []


Underfull \hbox (badness 10000) in paragraph at lines 250--252

 []


Underfull \hbox (badness 10000) in paragraph at lines 253--268

 []


Underfull \hbox (badness 10000) in paragraph at lines 271--273

 []


Underfull \hbox (badness 10000) in paragraph at lines 274--278

 []

LaTeX Font Info:    Font shape `OML/cmr/bx/n' in size <10> not available
(Font)              Font shape `OML/cmm/b/it' tried instead on input line 281.

! LaTeX Error: There's no line here to end.

See the LaTeX manual or LaTeX Companion for explanation.
Type  H <return>  for immediate help.
 ...                                              
                                                  
l.283 \\\vspace
               {0.5cm}
Your command was ignored.
Type  I <command> <return>  to replace it with another command,
or  <return>  to continue without it.


Underfull \hbox (badness 10000) in paragraph at lines 285--291

 []

[5] <FIGURES/heat.png, id=37, 448.67625pt x 404.51125pt>
File: FIGURES/heat.png Graphic file (type png)

<use FIGURES/heat.png>
Package pdftex.def Info: FIGURES/heat.png used on input line 294.
(pdftex.def)             Requested size: 242.98541pt x 219.06856pt.

Underfull \hbox (badness 10000) in paragraph at lines 300--314

 []

<FIGURES/climateZones.png, id=38, 843.15pt x 843.15pt>
File: FIGURES/climateZones.png Graphic file (type png)

<use FIGURES/climateZones.png>
Package pdftex.def Info: FIGURES/climateZones.png used on input line 318.
(pdftex.def)             Requested size: 208.27623pt x 208.26535pt.

<FIGURES/climateZones_legend.png, id=39, 193.72375pt x 228.855pt>
File: FIGURES/climateZones_legend.png Graphic file (type png)

<use FIGURES/climateZones_legend.png>
Package pdftex.def Info: FIGURES/climateZones_legend.png used on input line 319
.
(pdftex.def)             Requested size: 104.1381pt x 123.02461pt.

Underfull \hbox (badness 10000) in paragraph at lines 325--331

 []

[6 <./FIGURES/heat.png>]
Underfull \hbox (badness 10000) in paragraph at lines 352--378

 []


Underfull \hbox (badness 10000) in paragraph at lines 379--393

 []


Underfull \vbox (badness 10000) has occurred while \output is active []

 [7 <./FIGURES/climateZones.png> <./FIGURES/climateZones_legend.png>]
! Undefined control sequence.
l.405 ...xtbf{REG}ression and \textbf{W}eigh\texbf
                                                  {T}ing of
The control sequence at the end of the top line
of your error message was never \def'ed. If you have
misspelled it (e.g., `\hobx'), type `I' and the correct
spelling (e.g., `I\hbox'). Otherwise just continue,
and I'll forget about whatever was undefined.


Underfull \hbox (badness 10000) in paragraph at lines 396--414

 []


Underfull \hbox (badness 10000) in paragraph at lines 415--422

 []

LaTeX Font Info:    Try loading font information for OMS+cmr on input line 425.

(/usr/share/texmf-dist/tex/latex/base/omscmr.fd
File: omscmr.fd 2014/09/29 v2.5h Standard LaTeX font definitions
)
LaTeX Font Info:    Font shape `OMS/cmr/m/n' in size <10> not available
(Font)              Font shape `OMS/cmsy/m/n' tried instead on input line 425.


! LaTeX Error: There's no line here to end.

See the LaTeX manual or LaTeX Companion for explanation.
Type  H <return>  for immediate help.
 ...                                              
                                                  
l.430 
      
Your command was ignored.
Type  I <command> <return>  to replace it with another command,
or  <return>  to continue without it.


Underfull \hbox (badness 10000) in paragraph at lines 431--443

 []

[8]
Underfull \hbox (badness 10000) in paragraph at lines 444--449

 []


Underfull \hbox (badness 10000) in paragraph at lines 452--457

 []

(./TABLES/benchmarks.tex
Underfull \hbox (badness 6995) in paragraph at lines 21--22
[]\OT1/cmr/m/n/9 Year of con-struc-tion (mi-cro-cen-sus
 []


Overfull \hbox (13.06296pt too wide) in paragraph at lines 5--27
 [][] 
 []

)
Underfull \hbox (badness 10000) in paragraph at lines 460--467

 []


Underfull \hbox (badness 10000) in paragraph at lines 470--477

 []

[9]
Underfull \hbox (badness 10000) in paragraph at lines 478--495

 []


Underfull \hbox (badness 10000) in paragraph at lines 498--500

 []


Underfull \hbox (badness 10000) in paragraph at lines 511--514

 []


Underfull \hbox (badness 10000) in paragraph at lines 515--518

 []


Underfull \hbox (badness 10000) in paragraph at lines 523--527

 []


Underfull \hbox (badness 10000) in paragraph at lines 528--538

 []

[10]
Underfull \hbox (badness 10000) in paragraph at lines 541--563

 []


Underfull \hbox (badness 10000) in paragraph at lines 564--572

 []


Underfull \hbox (badness 10000) in paragraph at lines 575--590

 []

[11]
Underfull \hbox (badness 10000) in paragraph at lines 593--601

 []


Underfull \hbox (badness 10000) in paragraph at lines 604--606

 []


Underfull \hbox (badness 10000) in paragraph at lines 609--611

 []


Underfull \hbox (badness 10000) in paragraph at lines 612--619

 []


Underfull \hbox (badness 10000) in paragraph at lines 620--632

 []

Package epstopdf Info: Source file: <FIGURES/TAE-scatter.eps>
(epstopdf)                    date: 2016-02-07 02:58:09
(epstopdf)                    size: 224997 bytes
(epstopdf)             Output file: <FIGURES/TAE-scatter-eps-converted-to.pdf>
(epstopdf)                    date: 2016-02-07 02:58:46
(epstopdf)                    size: 1130745 bytes
(epstopdf)             Command: <epstopdf --outfile=FIGURES/TAE-scatter-eps-con
verted-to.pdf FIGURES/TAE-scatter.eps>
(epstopdf)             \includegraphics on input line 635.
Package epstopdf Info: Output file is already uptodate.
<FIGURES/TAE-scatter-eps-converted-to.pdf, id=60, 578.16pt x 578.16pt>
File: FIGURES/TAE-scatter-eps-converted-to.pdf Graphic file (type pdf)

<use FIGURES/TAE-scatter-eps-converted-to.pdf>
Package pdftex.def Info: FIGURES/TAE-scatter-eps-converted-to.pdf used on input
 line 635.
(pdftex.def)             Requested size: 312.40906pt x 312.40465pt.

Underfull \hbox (badness 10000) in paragraph at lines 640--648

 []

Package epstopdf Info: Source file: <FIGURES/PSAE.eps>
(epstopdf)                    date: 2016-02-07 02:58:15
(epstopdf)                    size: 21710 bytes
(epstopdf)             Output file: <FIGURES/PSAE-eps-converted-to.pdf>
(epstopdf)                    date: 2016-02-07 02:58:45
(epstopdf)                    size: 11701 bytes
(epstopdf)             Command: <epstopdf --outfile=FIGURES/PSAE-eps-converted-
to.pdf FIGURES/PSAE.eps>
(epstopdf)             \includegraphics on input line 651.
Package epstopdf Info: Output file is already uptodate.
<FIGURES/PSAE-eps-converted-to.pdf, id=61, 578.16pt x 289.08pt>
File: FIGURES/PSAE-eps-converted-to.pdf Graphic file (type pdf)

<use FIGURES/PSAE-eps-converted-to.pdf>
Package pdftex.def Info: FIGURES/PSAE-eps-converted-to.pdf used on input line 6
51.
(pdftex.def)             Requested size: 312.40906pt x 156.20232pt.
 [12] [13 <./FIGURES/TAE-scatter-eps-converted-to.pdf>]
Underfull \hbox (badness 10000) in paragraph at lines 656--664

 []


Underfull \hbox (badness 10000) in paragraph at lines 667--689

 []

<FIGURES/heat-January.png, id=100, 334.3692pt x 450.9648pt>
File: FIGURES/heat-January.png Graphic file (type png)

<use FIGURES/heat-January.png>
Package pdftex.def Info: FIGURES/heat-January.png used on input line 694.
(pdftex.def)             Requested size: 104.1381pt x 140.45134pt.

<FIGURES/heat-February.png, id=102, 334.3692pt x 450.9648pt>
File: FIGURES/heat-February.png Graphic file (type png)

<use FIGURES/heat-February.png>
Package pdftex.def Info: FIGURES/heat-February.png used on input line 695.
(pdftex.def)             Requested size: 104.1381pt x 140.45134pt.

<FIGURES/heat-March.png, id=103, 334.3692pt x 450.9648pt>
File: FIGURES/heat-March.png Graphic file (type png)

<use FIGURES/heat-March.png>
Package pdftex.def Info: FIGURES/heat-March.png used on input line 696.
(pdftex.def)             Requested size: 104.1381pt x 140.45134pt.

<FIGURES/heat-April.png, id=104, 334.3692pt x 450.9648pt>
File: FIGURES/heat-April.png Graphic file (type png)

<use FIGURES/heat-April.png>
Package pdftex.def Info: FIGURES/heat-April.png used on input line 698.
(pdftex.def)             Requested size: 104.1381pt x 140.45134pt.

<FIGURES/heat-May.png, id=105, 334.3692pt x 450.9648pt>
File: FIGURES/heat-May.png Graphic file (type png)

<use FIGURES/heat-May.png>
Package pdftex.def Info: FIGURES/heat-May.png used on input line 699.
(pdftex.def)             Requested size: 104.1381pt x 140.45134pt.

<FIGURES/heat-June.png, id=106, 334.3692pt x 450.9648pt>
File: FIGURES/heat-June.png Graphic file (type png)

<use FIGURES/heat-June.png>
Package pdftex.def Info: FIGURES/heat-June.png used on input line 700.
(pdftex.def)             Requested size: 104.1381pt x 140.45134pt.

<FIGURES/heat-July.png, id=107, 334.3692pt x 450.9648pt>
File: FIGURES/heat-July.png Graphic file (type png)

<use FIGURES/heat-July.png>
Package pdftex.def Info: FIGURES/heat-July.png used on input line 702.
(pdftex.def)             Requested size: 104.1381pt x 140.45134pt.

<FIGURES/heat-August.png, id=108, 334.3692pt x 450.9648pt>
File: FIGURES/heat-August.png Graphic file (type png)

<use FIGURES/heat-August.png>
Package pdftex.def Info: FIGURES/heat-August.png used on input line 703.
(pdftex.def)             Requested size: 104.1381pt x 140.45134pt.

<FIGURES/heat-September.png, id=109, 334.3692pt x 450.9648pt>
File: FIGURES/heat-September.png Graphic file (type png)

<use FIGURES/heat-September.png>
Package pdftex.def Info: FIGURES/heat-September.png used on input line 704.
(pdftex.def)             Requested size: 104.1381pt x 140.45134pt.

<FIGURES/heat-October.png, id=110, 334.3692pt x 450.9648pt>
File: FIGURES/heat-October.png Graphic file (type png)

<use FIGURES/heat-October.png>
Package pdftex.def Info: FIGURES/heat-October.png used on input line 706.
(pdftex.def)             Requested size: 104.1381pt x 140.45134pt.

<FIGURES/heat-November.png, id=111, 334.3692pt x 450.9648pt>
File: FIGURES/heat-November.png Graphic file (type png)

<use FIGURES/heat-November.png>
Package pdftex.def Info: FIGURES/heat-November.png used on input line 707.
(pdftex.def)             Requested size: 104.1381pt x 140.45134pt.

<FIGURES/heat-December.png, id=112, 334.3692pt x 450.9648pt>
File: FIGURES/heat-December.png Graphic file (type png)

<use FIGURES/heat-December.png>
Package pdftex.def Info: FIGURES/heat-December.png used on input line 708.
(pdftex.def)             Requested size: 104.1381pt x 140.45134pt.


LaTeX Warning: Float too large for page by 98.11722pt on input line 712.

[14 <./FIGURES/PSAE-eps-converted-to.pdf>]
Underfull \hbox (badness 10000) in paragraph at lines 714--725

 []


Underfull \hbox (badness 10000) in paragraph at lines 726--730

 []

<FIGURES/heat-year.png, id=137, 445.1832pt x 451.4466pt>
File: FIGURES/heat-year.png Graphic file (type png)

<use FIGURES/heat-year.png>
Package pdftex.def Info: FIGURES/heat-year.png used on input line 733.
(pdftex.def)             Requested size: 256.87332pt x 260.49594pt.

Underfull \hbox (badness 10000) in paragraph at lines 737--755

 []


Underfull \hbox (badness 10000) in paragraph at lines 756--763

 []


Underfull \hbox (badness 10000) in paragraph at lines 774--782

 []


Underfull \vbox (badness 10000) has occurred while \output is active []

 [15]
[16 <./FIGURES/heat-January.png> <./FIGURES/heat-February.png> <./FIGURES/heat-
March.png> <./FIGURES/heat-April.png> <./FIGURES/heat-May.png> <./FIGURES/heat-
June.png> <./FIGURES/heat-July.png> <./FIGURES/heat-August.png> <./FIGURES/heat
-September.png> <./FIGURES/heat-October.png> <./FIGURES/heat-November.png> <./F
IGURES/heat-December.png>] [17 <./FIGURES/heat-year.png>]
Underfull \hbox (badness 10000) in paragraph at lines 783--791

 []


Underfull \hbox (badness 10000) in paragraph at lines 792--805

 []


Underfull \hbox (badness 10000) in paragraph at lines 806--816

 []


Underfull \hbox (badness 10000) in paragraph at lines 817--821

 []

(tmp/ABMUS_munozh.bbl
Underfull \vbox (badness 4132) has occurred while \output is active []

 [18]
Underfull \hbox (badness 2142) in paragraph at lines 51--58
\OT1/cmr/m/n/9 Claus-nitzer.  \OT1/cmr/m/it/9 Daten-ba-sis Geb^^?audebestand: D
aten-er-he-bung zur en-er-getis-chen
 []

[19]
Missing character: There is no â in font cmr9!
Missing character: There is no € in font cmr9!
Missing character: There is no “ in font cmr9!
) [20] (tmp/ABMUS_munozh.aux) ) 
Here is how much of TeX's memory you used:
 14592 strings out of 493054
 272729 string characters out of 6140586
 347547 words of memory out of 5000000
 17792 multiletter control sequences out of 15000+600000
 11483 words of font info for 44 fonts, out of 8000000 for 9000
 1141 hyphenation exceptions out of 8191
 55i,12n,54p,415b,1599s stack positions out of 5000i,500n,10000p,200000b,80000s
</usr/share/texmf-dist/fonts/type1/public/amsfon
ts/cm/cmbx10.pfb></usr/share/texmf-dist/fonts/type1/public/amsfonts/cm/cmbx12.p
fb></usr/share/texmf-dist/fonts/type1/public/amsfonts/cm/cmbx9.pfb></usr/share/
texmf-dist/fonts/type1/public/amsfonts/cm/cmex10.pfb></usr/share/texmf-dist/fon
ts/type1/public/amsfonts/cm/cmmi10.pfb></usr/share/texmf-dist/fonts/type1/publi
c/amsfonts/cm/cmmi6.pfb></usr/share/texmf-dist/fonts/type1/public/amsfonts/cm/c
mmi7.pfb></usr/share/texmf-dist/fonts/type1/public/amsfonts/cm/cmmi9.pfb></usr/
share/texmf-dist/fonts/type1/public/amsfonts/cm/cmmib10.pfb></usr/share/texmf-d
ist/fonts/type1/public/amsfonts/cm/cmr10.pfb></usr/share/texmf-dist/fonts/type1
/public/amsfonts/cm/cmr6.pfb></usr/share/texmf-dist/fonts/type1/public/amsfonts
/cm/cmr7.pfb></usr/share/texmf-dist/fonts/type1/public/amsfonts/cm/cmr9.pfb></u
sr/share/texmf-dist/fonts/type1/public/amsfonts/cm/cmsy10.pfb></usr/share/texmf
-dist/fonts/type1/public/amsfonts/cm/cmsy6.pfb></usr/share/texmf-dist/fonts/typ
e1/public/amsfonts/cm/cmsy9.pfb></usr/share/texmf-dist/fonts/type1/public/amsfo
nts/cm/cmti10.pfb></usr/share/texmf-dist/fonts/type1/public/amsfonts/cm/cmti9.p
fb></usr/share/texmf-dist/fonts/type1/public/amsfonts/cm/cmtt9.pfb>
Output written on tmp/ABMUS_munozh.pdf (20 pages, 8607149 bytes).
PDF statistics:
 233 PDF objects out of 1000 (max. 8388607)
 115 compressed objects within 2 object streams
 0 named destinations out of 1000 (max. 500000)
 103 words of extra memory for PDF output out of 10000 (max. 10000000)

